<?xml version="1.0" encoding="UTF-8"?>
<!-- Generated by org.testng.reporters.JUnitReportReporter -->
<testsuite hostname="NEELADRI" failures="0" tests="1" name="testCases.ValidateGiftCard" time="11.999" errors="0" timestamp="2021-09-23T11:34:13 IST" skipped="0">
  <testcase classname="testCases.ValidateGiftCard" name="giftsValidation" time="11.999"/>
  <system-out/>
</testsuite> <!-- testCases.ValidateGiftCard -->
