<?xml version="1.0" encoding="UTF-8"?>
<!-- Generated by org.testng.reporters.JUnitReportReporter -->
<testsuite hostname="NEELADRI" failures="0" tests="1" name="testCases.ValidateTitle" time="10.906" errors="0" timestamp="2021-09-23T11:34:13 IST" skipped="0">
  <testcase classname="testCases.ValidateTitle" name="titleValidation" time="10.906"/>
  <system-out/>
</testsuite> <!-- testCases.ValidateTitle -->
