<?xml version="1.0" encoding="UTF-8"?>
<!-- Generated by org.testng.reporters.JUnitReportReporter -->
<testsuite hostname="NEELADRI" failures="0" tests="1" name="testCases.ValidateCustomerStory" time="10.973" errors="0" timestamp="2021-09-23T11:34:13 IST" skipped="0">
  <testcase classname="testCases.ValidateCustomerStory" name="customerStoryValidation" time="10.973"/>
  <system-out/>
</testsuite> <!-- testCases.ValidateCustomerStory -->
