<?xml version="1.0" encoding="UTF-8"?>
<!-- Generated by org.testng.reporters.JUnitReportReporter -->
<testsuite hostname="NEELADRI" failures="0" tests="1" name="testCases.ValidateTrackOrder" time="12.988" errors="0" timestamp="2021-09-23T11:34:13 IST" skipped="0">
  <testcase classname="testCases.ValidateTrackOrder" name="trackOrderValidation" time="12.988"/>
  <system-out/>
</testsuite> <!-- testCases.ValidateTrackOrder -->
